<?xml version="1.0" encoding="UTF-8"?>
<!-- Generated by org.testng.reporters.JUnitXMLReporter -->
<testsuite hostname="Mukhesh" ignored="0" name="Test" tests="3" failures="0" timestamp="10 Feb 2020 16:55:51 GMT" time="77.176" errors="0">
  <testcase name="testLogo" time="0.446" classname="com.org.TestCases.LoginPageTest"/>
  <testcase name="testTitle" time="0.06" classname="com.org.TestCases.LoginPageTest"/>
  <testcase name="checkLogin" time="8.542" classname="com.org.TestCases.LoginPageTest"/>
</testsuite> <!-- Test -->
