<?xml version="1.0" encoding="UTF-8"?>
<!-- Generated by org.testng.reporters.JUnitXMLReporter -->
<testsuite hostname="Mukhesh" ignored="0" name="Test" tests="5" failures="0" timestamp="28 Feb 2020 04:30:44 GMT" time="107.975" errors="0">
  <testcase name="enterDetails" time="1.882" classname="com.org.TestCases.SystemusersTest"/>
  <testcase name="enterDetails" time="1.852" classname="com.org.TestCases.SystemusersTest"/>
  <testcase name="enterDetails" time="2.132" classname="com.org.TestCases.SystemusersTest"/>
  <testcase name="enterDetails" time="2.316" classname="com.org.TestCases.SystemusersTest"/>
  <testcase name="testLogo" time="0.128" classname="com.org.TestCases.LoginPageTest"/>
</testsuite> <!-- Test -->
